Operating system: Microsoft Windows NT 6.2.9200.0
Opening INI file "C:\Users\MineC\Downloads\ristar_hack\SonLVL\SonLVL.ini"...
Game type is S1.
Loading Flora...
Loading 256x256 chunks from file "chunks.nem", using compression Nemesis...
Loading palette file "pal.bin"...
Source: 0 Destination: 0 Length: 64
Loading 8x8 tiles from file "dump.vram", using compression Uncompressed...
Loading 16x16 blocks from file "blocks.unc", using compression Uncompressed...
Loading FG layout from file "map.bin", using compression Uncompressed...
Loading BG layout from file "../levels/ghzbg.bin", using compression Uncompressed...
Drawing block bitmaps...
Drawing chunk bitmaps...
Level loaded in 0.1633362 second(s).
Load completed.
Opening INI file "C:\Users\MineC\Downloads\ristar_hack\SonLVL\SonLVL.ini"...
Game type is S1.
Loading Flora...
Loading 16x16 blocks from file "blocks.nem", using compression Nemesis...
Loading palette file "pal.bin"...
Source: 0 Destination: 0 Length: 64
Loading 256x256 chunks from file "chunks.nem", using compression Nemesis...
Loading FG layout from file "map.bin", using compression Uncompressed...
Loading 8x8 tiles from file "dump.vram", using compression Uncompressed...
Loading BG layout from file "../levels/ghzbg.bin", using compression Uncompressed...
Drawing block bitmaps...
Drawing chunk bitmaps...
Level loaded in 0.1299451 second(s).
Load completed.
Saving Flora...
Loading Flora...
Loading palette file "pal.bin"...
Source: 0 Destination: 0 Length: 64
Loading 8x8 tiles from file "dump.vram", using compression Uncompressed...
Loading FG layout from file "map.bin", using compression Uncompressed...
Loading 16x16 blocks from file "blocks.nem", using compression Nemesis...
Loading 256x256 chunks from file "chunks.nem", using compression Nemesis...
Loading BG layout from file "../levels/ghzbg.bin", using compression Uncompressed...
Drawing block bitmaps...
Drawing chunk bitmaps...
Level loaded in 0.129863 second(s).
Load completed.
Loading Flora...
Loading 16x16 blocks from file "blocks.nem", using compression Nemesis...
Loading palette file "pal.bin"...
Source: 0 Destination: 0 Length: 64
Loading FG layout from file "map.bin", using compression Uncompressed...
Loading 8x8 tiles from file "dump.vram", using compression Uncompressed...
Loading 256x256 chunks from file "chunks.nem", using compression Nemesis...
Loading BG layout from file "../levels/ghzbg.bin", using compression Uncompressed...
Drawing block bitmaps...
Drawing chunk bitmaps...
Level loaded in 0.1350338 second(s).
Load completed.
Opening INI file "C:\Users\MineC\Downloads\ristar_hack\SonLVL\SonLVL.ini"...
Game type is S1.
Loading Flora...
Loading 16x16 blocks from file "blocks.nem", using compression Nemesis...
Loading palette file "pal.bin"...
Source: 0 Destination: 0 Length: 64
Loading 8x8 tiles from file "MZ.bin", using compression Nemesis...
Loading 256x256 chunks from file "chunks.nem", using compression Nemesis...
Loading FG layout from file "map.bin", using compression Uncompressed...
Loading BG layout from file "../levels/ghzbg.bin", using compression Uncompressed...
Unable to read file "MZ.bin" with compression Nemesis:
System.AggregateException: One or more errors occurred. ---> SonicRetro.KensSharp.CompressionException: A bit code is already used as a prefix for other codes.
   at SonicRetro.KensSharp.Nemesis.DecodingCodeTreeNode.SetCode(Byte code, Int32 length, NibbleRun nibbleRun)
   at SonicRetro.KensSharp.Nemesis.DecodeHeader(Stream input, Stream output, DecodingCodeTreeNode codeTree)
   at SonicRetro.KensSharp.Nemesis.Decode(Stream input, Stream output)
   at SonicRetro.KensSharp.Nemesis.Decompress(Stream input, Stream output)
   at SonicRetro.KensSharp.Nemesis.Decompress(String sourceFilePath)
   at SonicRetro.SonLVL.API.Compression.Decompress(String file, CompressionType cmp) in C:\Programs\SonLVL\SonLVLAPI\Compression.cs:line 51
   at SonicRetro.SonLVL.API.LevelData.LoadLevelTiles() in C:\Programs\SonLVL\SonLVLAPI\LevelData.cs:line 471
   at System.Threading.Tasks.Task.InnerInvoke()
   at System.Threading.Tasks.Task.Execute()
   --- End of inner exception stack trace ---
   at System.Threading.Tasks.Task.WaitAll(Task[] tasks, Int32 millisecondsTimeout, CancellationToken cancellationToken)
   at System.Threading.Tasks.Task.WaitAll(Task[] tasks, Int32 millisecondsTimeout)
   at System.Threading.Tasks.Parallel.Invoke(ParallelOptions parallelOptions, Action[] actions)
   at System.Threading.Tasks.Parallel.Invoke(Action[] actions)
   at SonicRetro.SonLVL.API.LevelData.LoadLevel(String levelname, Boolean loadGraphics) in C:\Programs\SonLVL\SonLVLAPI\LevelData.cs:line 184
   at SonicRetro.SonLVL.GUI.MainForm.backgroundLevelLoader_DoWork(Object sender, DoWorkEventArgs e) in C:\Programs\SonLVL\SonLVL\MainForm.cs:line 574
---> (Inner Exception #0) SonicRetro.KensSharp.CompressionException: A bit code is already used as a prefix for other codes.
   at SonicRetro.KensSharp.Nemesis.DecodingCodeTreeNode.SetCode(Byte code, Int32 length, NibbleRun nibbleRun)
   at SonicRetro.KensSharp.Nemesis.DecodeHeader(Stream input, Stream output, DecodingCodeTreeNode codeTree)
   at SonicRetro.KensSharp.Nemesis.Decode(Stream input, Stream output)
   at SonicRetro.KensSharp.Nemesis.Decompress(Stream input, Stream output)
   at SonicRetro.KensSharp.Nemesis.Decompress(String sourceFilePath)
   at SonicRetro.SonLVL.API.Compression.Decompress(String file, CompressionType cmp) in C:\Programs\SonLVL\SonLVLAPI\Compression.cs:line 51
   at SonicRetro.SonLVL.API.LevelData.LoadLevelTiles() in C:\Programs\SonLVL\SonLVLAPI\LevelData.cs:line 471
   at System.Threading.Tasks.Task.InnerInvoke()
   at System.Threading.Tasks.Task.Execute()<---

Opening INI file "C:\Users\MineC\Downloads\ristar_hack\SonLVL\SonLVL.ini"...
Game type is S1.
Loading Flora...
Loading palette file "pal.bin"...
Source: 0 Destination: 0 Length: 64
Loading 8x8 tiles from file "MZ.bin", using compression Nemesis...
Loading 256x256 chunks from file "chunks.nem", using compression Nemesis...
Loading FG layout from file "map.bin", using compression Uncompressed...
Loading 16x16 blocks from file "blocks.nem", using compression Nemesis...
Unable to read file "MZ.bin" with compression Nemesis:
Loading BG layout from file "../levels/ghzbg.bin", using compression Uncompressed...
System.AggregateException: One or more errors occurred. ---> SonicRetro.KensSharp.CompressionException: A bit code is already used as a prefix for other codes.
   at SonicRetro.KensSharp.Nemesis.DecodingCodeTreeNode.SetCode(Byte code, Int32 length, NibbleRun nibbleRun)
   at SonicRetro.KensSharp.Nemesis.DecodeHeader(Stream input, Stream output, DecodingCodeTreeNode codeTree)
   at SonicRetro.KensSharp.Nemesis.Decode(Stream input, Stream output)
   at SonicRetro.KensSharp.Nemesis.Decompress(Stream input, Stream output)
   at SonicRetro.KensSharp.Nemesis.Decompress(String sourceFilePath)
   at SonicRetro.SonLVL.API.Compression.Decompress(String file, CompressionType cmp) in C:\Programs\SonLVL\SonLVLAPI\Compression.cs:line 51
   at SonicRetro.SonLVL.API.LevelData.LoadLevelTiles() in C:\Programs\SonLVL\SonLVLAPI\LevelData.cs:line 471
   at System.Threading.Tasks.Task.InnerInvoke()
   at System.Threading.Tasks.Task.Execute()
   --- End of inner exception stack trace ---
   at System.Threading.Tasks.Task.WaitAll(Task[] tasks, Int32 millisecondsTimeout, CancellationToken cancellationToken)
   at System.Threading.Tasks.Task.WaitAll(Task[] tasks, Int32 millisecondsTimeout)
   at System.Threading.Tasks.Parallel.Invoke(ParallelOptions parallelOptions, Action[] actions)
   at System.Threading.Tasks.Parallel.Invoke(Action[] actions)
   at SonicRetro.SonLVL.API.LevelData.LoadLevel(String levelname, Boolean loadGraphics) in C:\Programs\SonLVL\SonLVLAPI\LevelData.cs:line 184
   at SonicRetro.SonLVL.GUI.MainForm.backgroundLevelLoader_DoWork(Object sender, DoWorkEventArgs e) in C:\Programs\SonLVL\SonLVL\MainForm.cs:line 574
---> (Inner Exception #0) SonicRetro.KensSharp.CompressionException: A bit code is already used as a prefix for other codes.
   at SonicRetro.KensSharp.Nemesis.DecodingCodeTreeNode.SetCode(Byte code, Int32 length, NibbleRun nibbleRun)
   at SonicRetro.KensSharp.Nemesis.DecodeHeader(Stream input, Stream output, DecodingCodeTreeNode codeTree)
   at SonicRetro.KensSharp.Nemesis.Decode(Stream input, Stream output)
   at SonicRetro.KensSharp.Nemesis.Decompress(Stream input, Stream output)
   at SonicRetro.KensSharp.Nemesis.Decompress(String sourceFilePath)
   at SonicRetro.SonLVL.API.Compression.Decompress(String file, CompressionType cmp) in C:\Programs\SonLVL\SonLVLAPI\Compression.cs:line 51
   at SonicRetro.SonLVL.API.LevelData.LoadLevelTiles() in C:\Programs\SonLVL\SonLVLAPI\LevelData.cs:line 471
   at System.Threading.Tasks.Task.InnerInvoke()
   at System.Threading.Tasks.Task.Execute()<---

Opening INI file "C:\Users\MineC\Downloads\ristar_hack\SonLVL\SonLVL.ini"...
Game type is S1.
Loading Flora...
Loading 16x16 blocks from file "blocks.nem", using compression Nemesis...
Loading palette file "pal.bin"...
Source: 0 Destination: 0 Length: 64
Loading FG layout from file "map.bin", using compression Uncompressed...
Loading 256x256 chunks from file "chunks.nem", using compression Nemesis...
Loading 8x8 tiles from file "MZ.bin", using compression Uncompressed...
Loading BG layout from file "../levels/ghzbg.bin", using compression Uncompressed...
Drawing block bitmaps...
Drawing chunk bitmaps...
Level loaded in 0.3013505 second(s).
Load completed.
Opening INI file "C:\Users\MineC\Downloads\ristar_hack\SonLVL\SonLVL.ini"...
Game type is S1.
Loading Flora...
Loading palette file "pal.bin"...
Source: 0 Destination: 0 Length: 64
Loading 16x16 blocks from file "blocks.nem", using compression Nemesis...
Loading 8x8 tiles from file "MZ.bin", using compression Nemesis...
Loading 256x256 chunks from file "chunks.nem", using compression Nemesis...
Loading FG layout from file "map.bin", using compression Uncompressed...
Unable to read file "MZ.bin" with compression Nemesis:
Loading BG layout from file "../levels/ghzbg.bin", using compression Uncompressed...
System.AggregateException: One or more errors occurred. ---> SonicRetro.KensSharp.CompressionException: A bit code is already used as a prefix for other codes.
   at SonicRetro.KensSharp.Nemesis.DecodingCodeTreeNode.SetCode(Byte code, Int32 length, NibbleRun nibbleRun)
   at SonicRetro.KensSharp.Nemesis.DecodeHeader(Stream input, Stream output, DecodingCodeTreeNode codeTree)
   at SonicRetro.KensSharp.Nemesis.Decode(Stream input, Stream output)
   at SonicRetro.KensSharp.Nemesis.Decompress(Stream input, Stream output)
   at SonicRetro.KensSharp.Nemesis.Decompress(String sourceFilePath)
   at SonicRetro.SonLVL.API.Compression.Decompress(String file, CompressionType cmp) in C:\Programs\SonLVL\SonLVLAPI\Compression.cs:line 51
   at SonicRetro.SonLVL.API.LevelData.LoadLevelTiles() in C:\Programs\SonLVL\SonLVLAPI\LevelData.cs:line 471
   at System.Threading.Tasks.Task.InnerInvoke()
   at System.Threading.Tasks.Task.Execute()
   --- End of inner exception stack trace ---
   at System.Threading.Tasks.Task.WaitAll(Task[] tasks, Int32 millisecondsTimeout, CancellationToken cancellationToken)
   at System.Threading.Tasks.Task.WaitAll(Task[] tasks, Int32 millisecondsTimeout)
   at System.Threading.Tasks.Parallel.Invoke(ParallelOptions parallelOptions, Action[] actions)
   at System.Threading.Tasks.Parallel.Invoke(Action[] actions)
   at SonicRetro.SonLVL.API.LevelData.LoadLevel(String levelname, Boolean loadGraphics) in C:\Programs\SonLVL\SonLVLAPI\LevelData.cs:line 184
   at SonicRetro.SonLVL.GUI.MainForm.backgroundLevelLoader_DoWork(Object sender, DoWorkEventArgs e) in C:\Programs\SonLVL\SonLVL\MainForm.cs:line 574
---> (Inner Exception #0) SonicRetro.KensSharp.CompressionException: A bit code is already used as a prefix for other codes.
   at SonicRetro.KensSharp.Nemesis.DecodingCodeTreeNode.SetCode(Byte code, Int32 length, NibbleRun nibbleRun)
   at SonicRetro.KensSharp.Nemesis.DecodeHeader(Stream input, Stream output, DecodingCodeTreeNode codeTree)
   at SonicRetro.KensSharp.Nemesis.Decode(Stream input, Stream output)
   at SonicRetro.KensSharp.Nemesis.Decompress(Stream input, Stream output)
   at SonicRetro.KensSharp.Nemesis.Decompress(String sourceFilePath)
   at SonicRetro.SonLVL.API.Compression.Decompress(String file, CompressionType cmp) in C:\Programs\SonLVL\SonLVLAPI\Compression.cs:line 51
   at SonicRetro.SonLVL.API.LevelData.LoadLevelTiles() in C:\Programs\SonLVL\SonLVLAPI\LevelData.cs:line 471
   at System.Threading.Tasks.Task.InnerInvoke()
   at System.Threading.Tasks.Task.Execute()<---

