Operating system: Microsoft Windows NT 6.2.9200.0
Opening INI file "C:\Users\MineC\Downloads\ristar_hack\SonLVL\SonLVL.ini"...
Game type is S1.
Loading Flora...
Loading 16x16 blocks from file "blocks.nem", using compression Enigma...
Loading palette file "pal.bin"...
Source: 0 Destination: 0 Length: 64
Loading 8x8 tiles from file "dump.vram", using compression Uncompressed...
Loading 256x256 chunks from file "chunks.nem", using compression Nemesis...
Loading FG layout from file "map.bin", using compression Uncompressed...
Loading BG layout from file "../levels/ghzbg.bin", using compression Uncompressed...
Unable to read file "blocks.nem" with compression Enigma:
System.AggregateException: One or more errors occurred. ---> System.ArgumentOutOfRangeException: Specified argument was out of the range of valid values.
Parameter name: enabledFlags
   at SonicRetro.KensSharp.Enigma.GetBitfieldReader(Byte enabledFlags)
   at SonicRetro.KensSharp.Enigma.Decode(Stream input, Stream output, Endianness endianness)
   at SonicRetro.KensSharp.Enigma.Decompress(Stream input, Stream output, Endianness endianness)
   at SonicRetro.KensSharp.Enigma.Decompress(String sourceFilePath, Endianness endianness)
   at SonicRetro.SonLVL.API.Compression.Decompress(String file, CompressionType cmp) in C:\Programs\SonLVL\SonLVLAPI\Compression.cs:line 51
   at SonicRetro.SonLVL.API.LevelData.LoadLevelBlocks() in C:\Programs\SonLVL\SonLVLAPI\LevelData.cs:line 528
   at System.Threading.Tasks.Task.InnerInvoke()
   at System.Threading.Tasks.Task.Execute()
   --- End of inner exception stack trace ---
   at System.Threading.Tasks.Task.WaitAll(Task[] tasks, Int32 millisecondsTimeout, CancellationToken cancellationToken)
   at System.Threading.Tasks.Task.WaitAll(Task[] tasks, Int32 millisecondsTimeout)
   at System.Threading.Tasks.Parallel.Invoke(ParallelOptions parallelOptions, Action[] actions)
   at System.Threading.Tasks.Parallel.Invoke(Action[] actions)
   at SonicRetro.SonLVL.API.LevelData.LoadLevel(String levelname, Boolean loadGraphics) in C:\Programs\SonLVL\SonLVLAPI\LevelData.cs:line 184
   at SonicRetro.SonLVL.GUI.MainForm.backgroundLevelLoader_DoWork(Object sender, DoWorkEventArgs e) in C:\Programs\SonLVL\SonLVL\MainForm.cs:line 574
---> (Inner Exception #0) System.ArgumentOutOfRangeException: Specified argument was out of the range of valid values.
Parameter name: enabledFlags
   at SonicRetro.KensSharp.Enigma.GetBitfieldReader(Byte enabledFlags)
   at SonicRetro.KensSharp.Enigma.Decode(Stream input, Stream output, Endianness endianness)
   at SonicRetro.KensSharp.Enigma.Decompress(Stream input, Stream output, Endianness endianness)
   at SonicRetro.KensSharp.Enigma.Decompress(String sourceFilePath, Endianness endianness)
   at SonicRetro.SonLVL.API.Compression.Decompress(String file, CompressionType cmp) in C:\Programs\SonLVL\SonLVLAPI\Compression.cs:line 51
   at SonicRetro.SonLVL.API.LevelData.LoadLevelBlocks() in C:\Programs\SonLVL\SonLVLAPI\LevelData.cs:line 528
   at System.Threading.Tasks.Task.InnerInvoke()
   at System.Threading.Tasks.Task.Execute()<---

